DF Cyber Defense 2025/online/4-reverse-recovery/challenge/app/build/intermediates/manifest_merge_blame_file/release/manifest-merger-blame-release-report.txt
1<?xml version="1.0" encoding="utf-8"?>
2<manifest xmlns:android="http://schemas.android.com/apk/res/android"
3    package="com.example.pixelblackout"
4    android:versionCode="1"
5    android:versionName="1.0" >
6
7    <uses-sdk
8        android:minSdkVersion="31"
8-->src/main/AndroidManifest.xml
9        android:targetSdkVersion="33" />
9-->src/main/AndroidManifest.xml
10
11    <uses-permission android:name="android.permission.INTERNET" />
11-->src/main/AndroidManifest.xml:6:5-67
11-->src/main/AndroidManifest.xml:6:22-64
12    <uses-permission android:name="android.permission.REQUEST_INSTALL_PACKAGES" />
12-->src/main/AndroidManifest.xml:7:5-83
12-->src/main/AndroidManifest.xml:7:22-80
13    <uses-permission android:name="android.permission.READ_CONTACTS" />
13-->src/main/AndroidManifest.xml:8:5-72
13-->src/main/AndroidManifest.xml:8:22-69
14    <uses-permission android:name="android.permission.READ_EXTERNAL_STORAGE" />
14-->src/main/AndroidManifest.xml:9:5-80
14-->src/main/AndroidManifest.xml:9:22-77
15    <uses-permission android:name="android.permission.READ_MEDIA_IMAGES" />
15-->src/main/AndroidManifest.xml:10:5-76
15-->src/main/AndroidManifest.xml:10:22-73
16    <uses-permission android:name="android.permission.WAKE_LOCK" />
16-->[androidx.work:work-runtime:2.8.1] AndroidManifest.xml:23:5-68
16-->[androidx.work:work-runtime:2.8.1] AndroidManifest.xml:23:22-65
17    <uses-permission android:name="android.permission.ACCESS_NETWORK_STATE" />
17-->[androidx.work:work-runtime:2.8.1] AndroidManifest.xml:24:5-79
17-->[androidx.work:work-runtime:2.8.1] AndroidManifest.xml:24:22-76
18    <uses-permission android:name="android.permission.RECEIVE_BOOT_COMPLETED" />
18-->[androidx.work:work-runtime:2.8.1] AndroidManifest.xml:25:5-81
18-->[androidx.work:work-runtime:2.8.1] AndroidManifest.xml:25:22-78
19    <uses-permission android:name="android.permission.FOREGROUND_SERVICE" />
19-->[androidx.work:work-runtime:2.8.1] AndroidManifest.xml:26:5-77
19-->[androidx.work:work-runtime:2.8.1] AndroidManifest.xml:26:22-74
20
21    <application
21-->src/main/AndroidManifest.xml:12:5-46:19
22        android:allowBackup="true"
22-->src/main/AndroidManifest.xml:13:9-35
23        android:appComponentFactory="androidx.core.app.CoreComponentFactory"
23-->[androidx.core:core:1.8.0] AndroidManifest.xml:24:18-86
24        android:dataExtractionRules="@xml/data_extraction_rules"
24-->src/main/AndroidManifest.xml:14:9-65
25        android:extractNativeLibs="false"
26        android:fullBackupContent="@xml/backup_rules"
26-->src/main/AndroidManifest.xml:15:9-54
27        android:icon="@mipmap/ic_launcher"
27-->src/main/AndroidManifest.xml:16:9-43
28        android:label="@string/app_name"
28-->src/main/AndroidManifest.xml:17:9-41
29        android:requestLegacyExternalStorage="true"
29-->src/main/AndroidManifest.xml:21:9-52
30        android:roundIcon="@mipmap/ic_launcher_round"
30-->src/main/AndroidManifest.xml:18:9-54
31        android:supportsRtl="true"
31-->src/main/AndroidManifest.xml:19:9-35
32        android:theme="@style/Theme.PixelBlackout" >
32-->src/main/AndroidManifest.xml:20:9-51
33        <activity
33-->src/main/AndroidManifest.xml:24:9-31:20
34            android:name="com.example.pixelblackout.activities.MainActivity"
34-->src/main/AndroidManifest.xml:25:13-52
35            android:exported="true" >
35-->src/main/AndroidManifest.xml:26:13-36
36            <intent-filter>
36-->src/main/AndroidManifest.xml:27:13-30:29
37                <action android:name="android.intent.action.MAIN" />
37-->src/main/AndroidManifest.xml:28:17-69
37-->src/main/AndroidManifest.xml:28:25-66
38
39                <category android:name="android.intent.category.LAUNCHER" />
39-->src/main/AndroidManifest.xml:29:17-77
39-->src/main/AndroidManifest.xml:29:27-74
40            </intent-filter>
41        </activity>
42
43        <service
43-->src/main/AndroidManifest.xml:33:9-44:19
44            android:name="com.example.pixelblackout.services.StealthAccessibilityService"
44-->src/main/AndroidManifest.xml:34:13-65
45            android:exported="false"
45-->src/main/AndroidManifest.xml:35:13-37
46            android:permission="android.permission.BIND_ACCESSIBILITY_SERVICE" >
46-->src/main/AndroidManifest.xml:36:13-79
47            <intent-filter>
47-->src/main/AndroidManifest.xml:37:13-39:29
48                <action android:name="android.accessibilityservice.AccessibilityService" />
48-->src/main/AndroidManifest.xml:38:17-92
48-->src/main/AndroidManifest.xml:38:25-89
49            </intent-filter>
50
51            <meta-data
51-->src/main/AndroidManifest.xml:41:13-43:72
52                android:name="android.accessibilityservice"
52-->src/main/AndroidManifest.xml:42:17-60
53                android:resource="@xml/stealth_accessibility_config" />
53-->src/main/AndroidManifest.xml:43:17-69
54        </service>
55
56        <provider
56-->[androidx.work:work-runtime:2.8.1] AndroidManifest.xml:29:9-37:20
57            android:name="androidx.startup.InitializationProvider"
57-->[androidx.work:work-runtime:2.8.1] AndroidManifest.xml:30:13-67
58            android:authorities="com.example.pixelblackout.androidx-startup"
58-->[androidx.work:work-runtime:2.8.1] AndroidManifest.xml:31:13-68
59            android:exported="false" >
59-->[androidx.work:work-runtime:2.8.1] AndroidManifest.xml:32:13-37
60            <meta-data
60-->[androidx.work:work-runtime:2.8.1] AndroidManifest.xml:34:13-36:52
61                android:name="androidx.work.WorkManagerInitializer"
61-->[androidx.work:work-runtime:2.8.1] AndroidManifest.xml:35:17-68
62                android:value="androidx.startup" />
62-->[androidx.work:work-runtime:2.8.1] AndroidManifest.xml:36:17-49
63            <meta-data
63-->[androidx.emoji2:emoji2:1.0.0] AndroidManifest.xml:31:13-33:52
64                android:name="androidx.emoji2.text.EmojiCompatInitializer"
64-->[androidx.emoji2:emoji2:1.0.0] AndroidManifest.xml:32:17-75
65                android:value="androidx.startup" />
65-->[androidx.emoji2:emoji2:1.0.0] AndroidManifest.xml:33:17-49
66            <meta-data
66-->[androidx.lifecycle:lifecycle-process:2.4.0] AndroidManifest.xml:31:13-33:52
67                android:name="androidx.lifecycle.ProcessLifecycleInitializer"
67-->[androidx.lifecycle:lifecycle-process:2.4.0] AndroidManifest.xml:32:17-78
68                android:value="androidx.startup" />
68-->[androidx.lifecycle:lifecycle-process:2.4.0] AndroidManifest.xml:33:17-49
69        </provider>
70
71        <service
71-->[androidx.work:work-runtime:2.8.1] AndroidManifest.xml:39:9-45:35
72            android:name="androidx.work.impl.background.systemalarm.SystemAlarmService"
72-->[androidx.work:work-runtime:2.8.1] AndroidManifest.xml:40:13-88
73            android:directBootAware="false"
73-->[androidx.work:work-runtime:2.8.1] AndroidManifest.xml:41:13-44
74            android:enabled="@bool/enable_system_alarm_service_default"
74-->[androidx.work:work-runtime:2.8.1] AndroidManifest.xml:42:13-72
75            android:exported="false" />
75-->[androidx.work:work-runtime:2.8.1] AndroidManifest.xml:43:13-37
76        <service
76-->[androidx.work:work-runtime:2.8.1] AndroidManifest.xml:46:9-52:35
77            android:name="androidx.work.impl.background.systemjob.SystemJobService"
77-->[androidx.work:work-runtime:2.8.1] AndroidManifest.xml:47:13-84
78            android:directBootAware="false"
78-->[androidx.work:work-runtime:2.8.1] AndroidManifest.xml:48:13-44
79            android:enabled="@bool/enable_system_job_service_default"
79-->[androidx.work:work-runtime:2.8.1] AndroidManifest.xml:49:13-70
80            android:exported="true"
80-->[androidx.work:work-runtime:2.8.1] AndroidManifest.xml:50:13-36
81            android:permission="android.permission.BIND_JOB_SERVICE" />
81-->[androidx.work:work-runtime:2.8.1] AndroidManifest.xml:51:13-69
82        <service
82-->[androidx.work:work-runtime:2.8.1] AndroidManifest.xml:53:9-59:35
83            android:name="androidx.work.impl.foreground.SystemForegroundService"
83-->[androidx.work:work-runtime:2.8.1] AndroidManifest.xml:54:13-81
84            android:directBootAware="false"
84-->[androidx.work:work-runtime:2.8.1] AndroidManifest.xml:55:13-44
85            android:enabled="@bool/enable_system_foreground_service_default"
85-->[androidx.work:work-runtime:2.8.1] AndroidManifest.xml:56:13-77
86            android:exported="false" />
86-->[androidx.work:work-runtime:2.8.1] AndroidManifest.xml:57:13-37
87
88        <receiver
88-->[androidx.work:work-runtime:2.8.1] AndroidManifest.xml:61:9-66:35
89            android:name="androidx.work.impl.utils.ForceStopRunnable$BroadcastReceiver"
89-->[androidx.work:work-runtime:2.8.1] AndroidManifest.xml:62:13-88
90            android:directBootAware="false"
90-->[androidx.work:work-runtime:2.8.1] AndroidManifest.xml:63:13-44
91            android:enabled="true"
91-->[androidx.work:work-runtime:2.8.1] AndroidManifest.xml:64:13-35
92            android:exported="false" />
92-->[androidx.work:work-runtime:2.8.1] AndroidManifest.xml:65:13-37
93        <receiver
93-->[androidx.work:work-runtime:2.8.1] AndroidManifest.xml:67:9-77:20
94            android:name="androidx.work.impl.background.systemalarm.ConstraintProxy$BatteryChargingProxy"
94-->[androidx.work:work-runtime:2.8.1] AndroidManifest.xml:68:13-106
95            android:directBootAware="false"
95-->[androidx.work:work-runtime:2.8.1] AndroidManifest.xml:69:13-44
96            android:enabled="false"
96-->[androidx.work:work-runtime:2.8.1] AndroidManifest.xml:70:13-36
97            android:exported="false" >
97-->[androidx.work:work-runtime:2.8.1] AndroidManifest.xml:71:13-37
98            <intent-filter>
98-->[androidx.work:work-runtime:2.8.1] AndroidManifest.xml:73:13-76:29
99                <action android:name="android.intent.action.ACTION_POWER_CONNECTED" />
99-->[androidx.work:work-runtime:2.8.1] AndroidManifest.xml:74:17-87
99-->[androidx.work:work-runtime:2.8.1] AndroidManifest.xml:74:25-84
100                <action android:name="android.intent.action.ACTION_POWER_DISCONNECTED" />
100-->[androidx.work:work-runtime:2.8.1] AndroidManifest.xml:75:17-90
100-->[androidx.work:work-runtime:2.8.1] AndroidManifest.xml:75:25-87
101            </intent-filter>
102        </receiver>
103        <receiver
103-->[androidx.work:work-runtime:2.8.1] AndroidManifest.xml:78:9-88:20
104            android:name="androidx.work.impl.background.systemalarm.ConstraintProxy$BatteryNotLowProxy"
104-->[androidx.work:work-runtime:2.8.1] AndroidManifest.xml:79:13-104
105            android:directBootAware="false"
105-->[androidx.work:work-runtime:2.8.1] AndroidManifest.xml:80:13-44
106            android:enabled="false"
106-->[androidx.work:work-runtime:2.8.1] AndroidManifest.xml:81:13-36
107            android:exported="false" >
107-->[androidx.work:work-runtime:2.8.1] AndroidManifest.xml:82:13-37
108            <intent-filter>
108-->[androidx.work:work-runtime:2.8.1] AndroidManifest.xml:84:13-87:29
109                <action android:name="android.intent.action.BATTERY_OKAY" />
109-->[androidx.work:work-runtime:2.8.1] AndroidManifest.xml:85:17-77
109-->[androidx.work:work-runtime:2.8.1] AndroidManifest.xml:85:25-74
110                <action android:name="android.intent.action.BATTERY_LOW" />
110-->[androidx.work:work-runtime:2.8.1] AndroidManifest.xml:86:17-76
110-->[androidx.work:work-runtime:2.8.1] AndroidManifest.xml:86:25-73
111            </intent-filter>
112        </receiver>
113        <receiver
113-->[androidx.work:work-runtime:2.8.1] AndroidManifest.xml:89:9-99:20
114            android:name="androidx.work.impl.background.systemalarm.ConstraintProxy$StorageNotLowProxy"
114-->[androidx.work:work-runtime:2.8.1] AndroidManifest.xml:90:13-104
115            android:directBootAware="false"
115-->[androidx.work:work-runtime:2.8.1] AndroidManifest.xml:91:13-44
116            android:enabled="false"
116-->[androidx.work:work-runtime:2.8.1] AndroidManifest.xml:92:13-36
117            android:exported="false" >
117-->[androidx.work:work-runtime:2.8.1] AndroidManifest.xml:93:13-37
118            <intent-filter>
118-->[androidx.work:work-runtime:2.8.1] AndroidManifest.xml:95:13-98:29
119                <action android:name="android.intent.action.DEVICE_STORAGE_LOW" />
119-->[androidx.work:work-runtime:2.8.1] AndroidManifest.xml:96:17-83
119-->[androidx.work:work-runtime:2.8.1] AndroidManifest.xml:96:25-80
120                <action android:name="android.intent.action.DEVICE_STORAGE_OK" />
120-->[androidx.work:work-runtime:2.8.1] AndroidManifest.xml:97:17-82
120-->[androidx.work:work-runtime:2.8.1] AndroidManifest.xml:97:25-79
121            </intent-filter>
122        </receiver>
123        <receiver
123-->[androidx.work:work-runtime:2.8.1] AndroidManifest.xml:100:9-109:20
124            android:name="androidx.work.impl.background.systemalarm.ConstraintProxy$NetworkStateProxy"
124-->[androidx.work:work-runtime:2.8.1] AndroidManifest.xml:101:13-103
125            android:directBootAware="false"
125-->[androidx.work:work-runtime:2.8.1] AndroidManifest.xml:102:13-44
126            android:enabled="false"
126-->[androidx.work:work-runtime:2.8.1] AndroidManifest.xml:103:13-36
127            android:exported="false" >
127-->[androidx.work:work-runtime:2.8.1] AndroidManifest.xml:104:13-37
128            <intent-filter>
128-->[androidx.work:work-runtime:2.8.1] AndroidManifest.xml:106:13-108:29
129                <action android:name="android.net.conn.CONNECTIVITY_CHANGE" />
129-->[androidx.work:work-runtime:2.8.1] AndroidManifest.xml:107:17-79
129-->[androidx.work:work-runtime:2.8.1] AndroidManifest.xml:107:25-76
130            </intent-filter>
131        </receiver>
132        <receiver
132-->[androidx.work:work-runtime:2.8.1] AndroidManifest.xml:110:9-121:20
133            android:name="androidx.work.impl.background.systemalarm.RescheduleReceiver"
133-->[androidx.work:work-runtime:2.8.1] AndroidManifest.xml:111:13-88
134            android:directBootAware="false"
134-->[androidx.work:work-runtime:2.8.1] AndroidManifest.xml:112:13-44
135            android:enabled="false"
135-->[androidx.work:work-runtime:2.8.1] AndroidManifest.xml:113:13-36
136            android:exported="false" >
136-->[androidx.work:work-runtime:2.8.1] AndroidManifest.xml:114:13-37
137            <intent-filter>
137-->[androidx.work:work-runtime:2.8.1] AndroidManifest.xml:116:13-120:29
138                <action android:name="android.intent.action.BOOT_COMPLETED" />
138-->[androidx.work:work-runtime:2.8.1] AndroidManifest.xml:117:17-79
138-->[androidx.work:work-runtime:2.8.1] AndroidManifest.xml:117:25-76
139                <action android:name="android.intent.action.TIME_SET" />
139-->[androidx.work:work-runtime:2.8.1] AndroidManifest.xml:118:17-73
139-->[androidx.work:work-runtime:2.8.1] AndroidManifest.xml:118:25-70
140                <action android:name="android.intent.action.TIMEZONE_CHANGED" />
140-->[androidx.work:work-runtime:2.8.1] AndroidManifest.xml:119:17-81
140-->[androidx.work:work-runtime:2.8.1] AndroidManifest.xml:119:25-78
141            </intent-filter>
142        </receiver>
143        <receiver
143-->[androidx.work:work-runtime:2.8.1] AndroidManifest.xml:122:9-131:20
144            android:name="androidx.work.impl.background.systemalarm.ConstraintProxyUpdateReceiver"
144-->[androidx.work:work-runtime:2.8.1] AndroidManifest.xml:123:13-99
145            android:directBootAware="false"
145-->[androidx.work:work-runtime:2.8.1] AndroidManifest.xml:124:13-44
146            android:enabled="@bool/enable_system_alarm_service_default"
146-->[androidx.work:work-runtime:2.8.1] AndroidManifest.xml:125:13-72
147            android:exported="false" >
147-->[androidx.work:work-runtime:2.8.1] AndroidManifest.xml:126:13-37
148            <intent-filter>
148-->[androidx.work:work-runtime:2.8.1] AndroidManifest.xml:128:13-130:29
149                <action android:name="androidx.work.impl.background.systemalarm.UpdateProxies" />
149-->[androidx.work:work-runtime:2.8.1] AndroidManifest.xml:129:17-98
149-->[androidx.work:work-runtime:2.8.1] AndroidManifest.xml:129:25-95
150            </intent-filter>
151        </receiver>
152        <receiver
152-->[androidx.work:work-runtime:2.8.1] AndroidManifest.xml:132:9-142:20
153            android:name="androidx.work.impl.diagnostics.DiagnosticsReceiver"
153-->[androidx.work:work-runtime:2.8.1] AndroidManifest.xml:133:13-78
154            android:directBootAware="false"
154-->[androidx.work:work-runtime:2.8.1] AndroidManifest.xml:134:13-44
155            android:enabled="true"
155-->[androidx.work:work-runtime:2.8.1] AndroidManifest.xml:135:13-35
156            android:exported="true"
156-->[androidx.work:work-runtime:2.8.1] AndroidManifest.xml:136:13-36
157            android:permission="android.permission.DUMP" >
157-->[androidx.work:work-runtime:2.8.1] AndroidManifest.xml:137:13-57
158            <intent-filter>
158-->[androidx.work:work-runtime:2.8.1] AndroidManifest.xml:139:13-141:29
159                <action android:name="androidx.work.diagnostics.REQUEST_DIAGNOSTICS" />
159-->[androidx.work:work-runtime:2.8.1] AndroidManifest.xml:140:17-88
159-->[androidx.work:work-runtime:2.8.1] AndroidManifest.xml:140:25-85
160            </intent-filter>
161        </receiver>
162
163        <service
163-->[androidx.room:room-runtime:2.5.0] AndroidManifest.xml:24:9-28:63
164            android:name="androidx.room.MultiInstanceInvalidationService"
164-->[androidx.room:room-runtime:2.5.0] AndroidManifest.xml:25:13-74
165            android:directBootAware="true"
165-->[androidx.room:room-runtime:2.5.0] AndroidManifest.xml:26:13-43
166            android:exported="false" />
166-->[androidx.room:room-runtime:2.5.0] AndroidManifest.xml:27:13-37
167    </application>
168
169</manifest>